<?xml version="1.0" encoding="UTF-8"?>
<testng-results ignored="0" total="1" passed="1" failed="0" skipped="0">
  <reporter-output>
  </reporter-output>
  <suite started-at="2024-05-14T09:48:19 IST" name="Default suite" finished-at="2024-05-14T09:48:19 IST" duration-ms="14">
    <groups>
    </groups>
    <test started-at="2024-05-14T09:48:19 IST" name="Default test" finished-at="2024-05-14T09:48:19 IST" duration-ms="14">
      <class name="com.orangehrm.pages.LoginPage">
        <test-method signature="login()[pri:0, instance:com.orangehrm.pages.LoginPage@28f3b248]" started-at="2024-05-14T09:48:19 IST" name="login" finished-at="2024-05-14T09:48:19 IST" duration-ms="2" status="PASS">
          <reporter-output>
          </reporter-output>
        </test-method> <!-- login -->
      </class> <!-- com.orangehrm.pages.LoginPage -->
    </test> <!-- Default test -->
  </suite> <!-- Default suite -->
</testng-results>
